Determining if the pthread_create exist failed with the following output:
Change Dir: /home/user/workspace/myrobot/build/CMakeFiles/CMakeTmp

Run Build Command:"/usr/bin/make" "cmTC_a8b32/fast"
/usr/bin/make -f CMakeFiles/cmTC_a8b32.dir/build.make CMakeFiles/cmTC_a8b32.dir/build
make[1]: Entering directory '/home/user/workspace/myrobot/build/CMakeFiles/CMakeTmp'
Building C object CMakeFiles/cmTC_a8b32.dir/CheckSymbolExists.c.o
/usr/bin/cc     -o CMakeFiles/cmTC_a8b32.dir/CheckSymbolExists.c.o   -c /home/user/workspace/myrobot/build/CMakeFiles/CMakeTmp/CheckSymbolExists.c
Linking C executable cmTC_a8b32
/usr/bin/cmake -E cmake_link_script CMakeFiles/cmTC_a8b32.dir/link.txt --verbose=1
/usr/bin/cc       CMakeFiles/cmTC_a8b32.dir/CheckSymbolExists.c.o  -o cmTC_a8b32 -rdynamic 
CMakeFiles/cmTC_a8b32.dir/CheckSymbolExists.c.o: In function `main':
CheckSymbolExists.c:(.text+0x16): undefined reference to `pthread_create'
collect2: error: ld returned 1 exit status
CMakeFiles/cmTC_a8b32.dir/build.make:97: recipe for target 'cmTC_a8b32' failed
make[1]: *** [cmTC_a8b32] Error 1
make[1]: Leaving directory '/home/user/workspace/myrobot/build/CMakeFiles/CMakeTmp'
Makefile:126: recipe for target 'cmTC_a8b32/fast' failed
make: *** [cmTC_a8b32/fast] Error 2

File /home/user/workspace/myrobot/build/CMakeFiles/CMakeTmp/CheckSymbolExists.c:
/* */
#include <pthread.h>

int main(int argc, char** argv)
{
  (void)argv;
#ifndef pthread_create
  return ((int*)(&pthread_create))[argc];
#else
  (void)argc;
  return 0;
#endif
}

Determining if the function pthread_create exists in the pthreads failed with the following output:
Change Dir: /home/user/workspace/myrobot/build/CMakeFiles/CMakeTmp

Run Build Command:"/usr/bin/make" "cmTC_ed4b5/fast"
/usr/bin/make -f CMakeFiles/cmTC_ed4b5.dir/build.make CMakeFiles/cmTC_ed4b5.dir/build
make[1]: Entering directory '/home/user/workspace/myrobot/build/CMakeFiles/CMakeTmp'
Building C object CMakeFiles/cmTC_ed4b5.dir/CheckFunctionExists.c.o
/usr/bin/cc    -DCHECK_FUNCTION_EXISTS=pthread_create   -o CMakeFiles/cmTC_ed4b5.dir/CheckFunctionExists.c.o   -c /usr/share/cmake-3.5/Modules/CheckFunctionExists.c
Linking C executable cmTC_ed4b5
/usr/bin/cmake -E cmake_link_script CMakeFiles/cmTC_ed4b5.dir/link.txt --verbose=1
/usr/bin/cc   -DCHECK_FUNCTION_EXISTS=pthread_create    CMakeFiles/cmTC_ed4b5.dir/CheckFunctionExists.c.o  -o cmTC_ed4b5 -rdynamic -lpthreads 
/usr/bin/ld: cannot find -lpthreads
collect2: error: ld returned 1 exit status
CMakeFiles/cmTC_ed4b5.dir/build.make:97: recipe for target 'cmTC_ed4b5' failed
make[1]: *** [cmTC_ed4b5] Error 1
make[1]: Leaving directory '/home/user/workspace/myrobot/build/CMakeFiles/CMakeTmp'
Makefile:126: recipe for target 'cmTC_ed4b5/fast' failed
make: *** [cmTC_ed4b5/fast] Error 2


Determining if the pthread_create exist failed with the following output:
Change Dir: /home/user/catkin_ws/src/project1/build/CMakeFiles/CMakeTmp

Run Build Command:"/usr/bin/make" "cmTC_49d2f/fast"
/usr/bin/make -f CMakeFiles/cmTC_49d2f.dir/build.make CMakeFiles/cmTC_49d2f.dir/build
make[1]: Entering directory '/home/user/catkin_ws/src/project1/build/CMakeFiles/CMakeTmp'
Building C object CMakeFiles/cmTC_49d2f.dir/CheckSymbolExists.c.o
/usr/bin/cc     -o CMakeFiles/cmTC_49d2f.dir/CheckSymbolExists.c.o   -c /home/user/catkin_ws/src/project1/build/CMakeFiles/CMakeTmp/CheckSymbolExists.c
Linking C executable cmTC_49d2f
/usr/bin/cmake -E cmake_link_script CMakeFiles/cmTC_49d2f.dir/link.txt --verbose=1
/usr/bin/cc       CMakeFiles/cmTC_49d2f.dir/CheckSymbolExists.c.o  -o cmTC_49d2f -rdynamic 
CMakeFiles/cmTC_49d2f.dir/CheckSymbolExists.c.o: In function `main':
CheckSymbolExists.c:(.text+0x16): undefined reference to `pthread_create'
collect2: error: ld returned 1 exit status
CMakeFiles/cmTC_49d2f.dir/build.make:97: recipe for target 'cmTC_49d2f' failed
make[1]: *** [cmTC_49d2f] Error 1
make[1]: Leaving directory '/home/user/catkin_ws/src/project1/build/CMakeFiles/CMakeTmp'
Makefile:126: recipe for target 'cmTC_49d2f/fast' failed
make: *** [cmTC_49d2f/fast] Error 2

File /home/user/catkin_ws/src/project1/build/CMakeFiles/CMakeTmp/CheckSymbolExists.c:
/* */
#include <pthread.h>

int main(int argc, char** argv)
{
  (void)argv;
#ifndef pthread_create
  return ((int*)(&pthread_create))[argc];
#else
  (void)argc;
  return 0;
#endif
}

Determining if the function pthread_create exists in the pthreads failed with the following output:
Change Dir: /home/user/catkin_ws/src/project1/build/CMakeFiles/CMakeTmp

Run Build Command:"/usr/bin/make" "cmTC_a0360/fast"
/usr/bin/make -f CMakeFiles/cmTC_a0360.dir/build.make CMakeFiles/cmTC_a0360.dir/build
make[1]: Entering directory '/home/user/catkin_ws/src/project1/build/CMakeFiles/CMakeTmp'
Building C object CMakeFiles/cmTC_a0360.dir/CheckFunctionExists.c.o
/usr/bin/cc    -DCHECK_FUNCTION_EXISTS=pthread_create   -o CMakeFiles/cmTC_a0360.dir/CheckFunctionExists.c.o   -c /usr/share/cmake-3.5/Modules/CheckFunctionExists.c
Linking C executable cmTC_a0360
/usr/bin/cmake -E cmake_link_script CMakeFiles/cmTC_a0360.dir/link.txt --verbose=1
/usr/bin/cc   -DCHECK_FUNCTION_EXISTS=pthread_create    CMakeFiles/cmTC_a0360.dir/CheckFunctionExists.c.o  -o cmTC_a0360 -rdynamic -lpthreads 
/usr/bin/ld: cannot find -lpthreads
collect2: error: ld returned 1 exit status
CMakeFiles/cmTC_a0360.dir/build.make:97: recipe for target 'cmTC_a0360' failed
make[1]: *** [cmTC_a0360] Error 1
make[1]: Leaving directory '/home/user/catkin_ws/src/project1/build/CMakeFiles/CMakeTmp'
Makefile:126: recipe for target 'cmTC_a0360/fast' failed
make: *** [cmTC_a0360/fast] Error 2


Determining if the pthread_create exist failed with the following output:
Change Dir: /home/user/catkin_ws/src/project1/build/CMakeFiles/CMakeTmp

Run Build Command:"/usr/bin/make" "cmTC_79ea8/fast"
/usr/bin/make -f CMakeFiles/cmTC_79ea8.dir/build.make CMakeFiles/cmTC_79ea8.dir/build
make[1]: Entering directory '/home/user/catkin_ws/src/project1/build/CMakeFiles/CMakeTmp'
Building C object CMakeFiles/cmTC_79ea8.dir/CheckSymbolExists.c.o
/usr/bin/cc     -o CMakeFiles/cmTC_79ea8.dir/CheckSymbolExists.c.o   -c /home/user/catkin_ws/src/project1/build/CMakeFiles/CMakeTmp/CheckSymbolExists.c
Linking C executable cmTC_79ea8
/usr/bin/cmake -E cmake_link_script CMakeFiles/cmTC_79ea8.dir/link.txt --verbose=1
/usr/bin/cc       CMakeFiles/cmTC_79ea8.dir/CheckSymbolExists.c.o  -o cmTC_79ea8 -rdynamic 
CMakeFiles/cmTC_79ea8.dir/CheckSymbolExists.c.o: In function `main':
CheckSymbolExists.c:(.text+0x16): undefined reference to `pthread_create'
collect2: error: ld returned 1 exit status
CMakeFiles/cmTC_79ea8.dir/build.make:97: recipe for target 'cmTC_79ea8' failed
make[1]: *** [cmTC_79ea8] Error 1
make[1]: Leaving directory '/home/user/catkin_ws/src/project1/build/CMakeFiles/CMakeTmp'
Makefile:126: recipe for target 'cmTC_79ea8/fast' failed
make: *** [cmTC_79ea8/fast] Error 2

File /home/user/catkin_ws/src/project1/build/CMakeFiles/CMakeTmp/CheckSymbolExists.c:
/* */
#include <pthread.h>

int main(int argc, char** argv)
{
  (void)argv;
#ifndef pthread_create
  return ((int*)(&pthread_create))[argc];
#else
  (void)argc;
  return 0;
#endif
}

Determining if the function pthread_create exists in the pthreads failed with the following output:
Change Dir: /home/user/catkin_ws/src/project1/build/CMakeFiles/CMakeTmp

Run Build Command:"/usr/bin/make" "cmTC_c180d/fast"
/usr/bin/make -f CMakeFiles/cmTC_c180d.dir/build.make CMakeFiles/cmTC_c180d.dir/build
make[1]: Entering directory '/home/user/catkin_ws/src/project1/build/CMakeFiles/CMakeTmp'
Building C object CMakeFiles/cmTC_c180d.dir/CheckFunctionExists.c.o
/usr/bin/cc    -DCHECK_FUNCTION_EXISTS=pthread_create   -o CMakeFiles/cmTC_c180d.dir/CheckFunctionExists.c.o   -c /usr/share/cmake-3.5/Modules/CheckFunctionExists.c
Linking C executable cmTC_c180d
/usr/bin/cmake -E cmake_link_script CMakeFiles/cmTC_c180d.dir/link.txt --verbose=1
/usr/bin/cc   -DCHECK_FUNCTION_EXISTS=pthread_create    CMakeFiles/cmTC_c180d.dir/CheckFunctionExists.c.o  -o cmTC_c180d -rdynamic -lpthreads 
/usr/bin/ld: cannot find -lpthreads
collect2: error: ld returned 1 exit status
CMakeFiles/cmTC_c180d.dir/build.make:97: recipe for target 'cmTC_c180d' failed
make[1]: *** [cmTC_c180d] Error 1
make[1]: Leaving directory '/home/user/catkin_ws/src/project1/build/CMakeFiles/CMakeTmp'
Makefile:126: recipe for target 'cmTC_c180d/fast' failed
make: *** [cmTC_c180d/fast] Error 2


